<?xml version="1.0" encoding="UTF-8"?>
<!-- Generated by org.testng.reporters.JUnitReportReporter -->
<testsuite skipped="0" hostname="EF-BS-00533" name="org.example.testRunner.Runners" tests="4" failures="0" timestamp="2022-08-07T17:51:37 EET" time="67.868" errors="0">
  <testcase name="runScenario" time="15.819" classname="org.example.testRunner.Runners"/>
  <system-out/>
  <testcase name="runScenario" time="15.051" classname="org.example.testRunner.Runners"/>
  <system-out/>
  <testcase name="runScenario" time="14.814" classname="org.example.testRunner.Runners"/>
  <system-out/>
  <testcase name="runScenario" time="22.184" classname="org.example.testRunner.Runners"/>
  <system-out/>
</testsuite> <!-- org.example.testRunner.Runners -->
