<?xml version="1.0" encoding="UTF-8"?>
<!-- Generated by org.testng.reporters.JUnitReportReporter -->
<testsuite skipped="0" hostname="EF-BS-00533" name="org.example.testRunner.Runners" tests="3" failures="0" timestamp="2022-08-06T21:16:31 EET" time="46.636" errors="0">
  <testcase name="runScenario" time="13.721" classname="org.example.testRunner.Runners"/>
  <system-out/>
  <testcase name="runScenario" time="14.732" classname="org.example.testRunner.Runners"/>
  <system-out/>
  <testcase name="runScenario" time="18.183" classname="org.example.testRunner.Runners"/>
  <system-out/>
</testsuite> <!-- org.example.testRunner.Runners -->
