<?xml version="1.0" encoding="UTF-8"?>
<!-- Generated by org.testng.reporters.JUnitReportReporter -->
<testsuite skipped="0" hostname="EF-BS-00533" name="org.example.testRunner.Runners" tests="10" failures="0" timestamp="2022-08-08T15:24:15 EET" time="172.505" errors="0">
  <testcase name="runScenario" time="16.623" classname="org.example.testRunner.Runners"/>
  <system-out/>
  <testcase name="runScenario" time="13.413" classname="org.example.testRunner.Runners"/>
  <system-out/>
  <testcase name="runScenario" time="18.669" classname="org.example.testRunner.Runners"/>
  <system-out/>
  <testcase name="runScenario" time="16.986" classname="org.example.testRunner.Runners"/>
  <system-out/>
  <testcase name="runScenario" time="15.989" classname="org.example.testRunner.Runners"/>
  <system-out/>
  <testcase name="runScenario" time="20.227" classname="org.example.testRunner.Runners"/>
  <system-out/>
  <testcase name="runScenario" time="19.848" classname="org.example.testRunner.Runners"/>
  <system-out/>
  <testcase name="runScenario" time="19.514" classname="org.example.testRunner.Runners"/>
  <system-out/>
  <testcase name="runScenario" time="14.839" classname="org.example.testRunner.Runners"/>
  <system-out/>
  <testcase name="runScenario" time="16.397" classname="org.example.testRunner.Runners"/>
  <system-out/>
</testsuite> <!-- org.example.testRunner.Runners -->
