<?xml version="1.0" encoding="UTF-8"?>
<!-- Generated by org.testng.reporters.JUnitReportReporter -->
<testsuite skipped="0" hostname="EF-BS-00533" name="org.example.testRunner.Runners" tests="1" failures="0" timestamp="2022-08-06T17:17:02 EET" time="21.633" errors="0">
  <testcase name="runScenario" time="21.633" classname="org.example.testRunner.Runners"/>
  <system-out/>
</testsuite> <!-- org.example.testRunner.Runners -->
